<?xml version="1.0" encoding="UTF-8"?>
<!-- Generated by org.testng.reporters.JUnitReportReporter -->
<testsuite hostname="Parth" failures="0" tests="2" name="tests.UserContactPageTest" time="20.622" errors="0" timestamp="2022-12-16T23:43:44 EST" skipped="0">
  <testcase classname="tests.UserContactPageTest" name="checkContactTest" time="10.563"/>
  <system-out/>
  <testcase classname="tests.UserContactPageTest" name="deleteContactTest" time="10.059"/>
  <system-out/>
</testsuite> <!-- tests.UserContactPageTest -->
