<?xml version="1.0" encoding="UTF-8"?>
<!-- Generated by org.testng.reporters.JUnitReportReporter -->
<testsuite hostname="Parth" failures="0" tests="1" name="tests.LoginPageTest" time="11.576" errors="0" timestamp="2022-12-13T17:05:47 EST" skipped="0">
  <testcase classname="tests.LoginPageTest" name="loginTest" time="11.576"/>
  <system-out/>
</testsuite> <!-- tests.LoginPageTest -->
