<?xml version="1.0" encoding="UTF-8"?>
<!-- Generated by org.testng.reporters.JUnitReportReporter -->
<testsuite hostname="Parth" failures="0" tests="8" name="tests.HomePageTest" time="69.342" errors="0" timestamp="2022-12-15T12:05:49 EST" skipped="0">
  <testcase classname="tests.HomePageTest" name="verifySiteLogoTest" time="8.915"/>
  <system-out/>
  <testcase classname="tests.HomePageTest" name="verifySiteIconTest" time="7.130"/>
  <system-out/>
  <testcase classname="tests.HomePageTest" name="verifyHeaderTextTest" time="8.869"/>
  <system-out/>
  <testcase classname="tests.HomePageTest" name="verifyService1Title1TextTest" time="7.806"/>
  <system-out/>
  <testcase classname="tests.HomePageTest" name="verifyService1Title2TextTest" time="7.429"/>
  <system-out/>
  <testcase classname="tests.HomePageTest" name="verifyService1DescTextTest" time="10.535"/>
  <system-out/>
  <testcase classname="tests.HomePageTest" name="verifyServicesListSizeTest" time="7.439"/>
  <system-out/>
  <testcase classname="tests.HomePageTest" name="loginTest" time="11.219"/>
  <system-out/>
</testsuite> <!-- tests.HomePageTest -->
