<?xml version="1.0" encoding="UTF-8"?>
<!-- Generated by org.testng.reporters.JUnitReportReporter -->
<testsuite hostname="Parth" failures="0" tests="1" name="tests.UserHomePageTest" time="11.107" errors="0" timestamp="2022-12-14T18:18:51 EST" skipped="0">
  <testcase classname="tests.UserHomePageTest" name="checkUserNameTest" time="11.107"/>
  <system-out/>
</testsuite> <!-- tests.UserHomePageTest -->
