<?xml version="1.0" encoding="UTF-8"?>
<!-- Generated by org.testng.reporters.JUnitReportReporter -->
<testsuite hostname="Parth" failures="0" tests="3" name="tests.UserHomePageTest" time="33.510" errors="0" timestamp="2023-01-11T14:52:32 EST" skipped="0">
  <testcase classname="tests.UserHomePageTest" name="checkUserNameTest" time="10.924"/>
  <system-out/>
  <testcase classname="tests.UserHomePageTest" name="checkSavedContactListNotNull" time="11.858"/>
  <system-out/>
  <testcase classname="tests.UserHomePageTest" name="checkFreeAccountStatus" time="10.728"/>
  <system-out/>
</testsuite> <!-- tests.UserHomePageTest -->
