<?xml version="1.0" encoding="UTF-8"?>
<!-- Generated by org.testng.reporters.JUnitReportReporter -->
<testsuite hostname="Parth" failures="0" tests="1" name="tests.LoginPageTest" time="10.926" errors="0" timestamp="2023-01-11T14:52:32 EST" skipped="0">
  <testcase classname="tests.LoginPageTest" name="loginTest" time="10.926"/>
  <system-out/>
</testsuite> <!-- tests.LoginPageTest -->
