<?xml version="1.0" encoding="UTF-8"?>
<!-- Generated by org.testng.reporters.JUnitReportReporter -->
<testsuite hostname="Parth" failures="0" tests="3" name="tests.SignupPageTest" time="26.525" errors="0" timestamp="2022-12-14T14:19:34 EST" skipped="0">
  <testcase classname="tests.SignupPageTest" name="checkErrorTest" time="8.870"/>
  <system-out/>
  <testcase classname="tests.SignupPageTest" name="signupTest" time="9.624"/>
  <system-out/>
  <testcase classname="tests.SignupPageTest" name="countryCountTest" time="8.031"/>
  <system-out/>
</testsuite> <!-- tests.SignupPageTest -->
