<?xml version="1.0" encoding="UTF-8"?>
<!-- Generated by org.testng.reporters.JUnitReportReporter -->
<testsuite hostname="Parth" failures="0" tests="6" name="tests.HomePageTest" time="42.696" errors="0" timestamp="2023-01-11T14:52:32 EST" skipped="0">
  <testcase classname="tests.HomePageTest" name="verifyHeaderTextTest" time="6.506"/>
  <system-out/>
  <testcase classname="tests.HomePageTest" name="verifyService1Title1TextTest" time="6.927"/>
  <system-out/>
  <testcase classname="tests.HomePageTest" name="verifyService1Title2TextTest" time="6.315"/>
  <system-out/>
  <testcase classname="tests.HomePageTest" name="verifyService1DescTextTest" time="6.596"/>
  <system-out/>
  <testcase classname="tests.HomePageTest" name="verifyServicesListSizeTest" time="6.221"/>
  <system-out/>
  <testcase classname="tests.HomePageTest" name="loginTest" time="10.131"/>
  <system-out/>
</testsuite> <!-- tests.HomePageTest -->
